1560934061 | /  |  
1560934485 | table  |  http://phptest.loc/
1560934660 | table  |  phptest.loc
1560934667 | table  |  index.php?id=table
1560934669 | tools  |  index.php?id=table
1560934671 | tools  |  index.php?id=tools
1560934751 | table  |  index.php?id=tools
1560934753 | tools  |  index.php?id=table
1560934755 | contact  |  index.php?id=tools
1560934854 | table  |  index.php?id=contact
1560934857 | tools  |  index.php?id=table
1560934910 | tools  |  http://phptest.loc/index.php?id=table
1560934926 | tools  |  index.php?id=table
1560935109 | tools => table
1560942677 | tools => table
1560942969 | tools => table
1560942972 | fileupload => tools
1560942996 | fileupload => fileupload
1560943918 | fileupload => fileupload
1560943926 | fileupload => fileupload
1560943966 | fileupload => fileupload
1560944006 | fileupload => fileupload
1560944015 | fileupload => fileupload
1560944088 | fileupload => fileupload
1560944094 | fileupload => fileupload
1560944198 | fileupload => fileupload
1560944853 | fileupload => fileupload
1560944991 | fileupload => fileupload
1560945010 | fileupload => fileupload
1560945082 | fileupload => fileupload
1560945131 | fileupload => fileupload
1560945159 | fileupload => fileupload
1560945717 | fileupload => fileupload
1560945727 | fileupload => fileupload
1560945792 | fileupload => fileupload
1560946341 | fileupload => fileupload
1561018704 | index => 
1561018740 | table => 
1561018816 | table => 
1561018954 | tools => table
1561018957 | contact => tools
1561019435 | contact => contact
1561019759 | contact => contact
1561019834 | contact => contact
1561019960 | contact => contact
1561020000 | contact => contact
1561020118 | contact => contact
1561020290 | contact => contact
1561020290 | contact => contact
1561020290 | contact => contact
1561020290 | contact => contact
1561020290 | contact => contact
1561020290 | contact => contact
1561020290 | contact => contact
1561020290 | contact => contact
1561020290 | contact => contact
1561020290 | contact => contact
1561020290 | contact => contact
1561020290 | contact => contact
1561020290 | contact => contact
1561020290 | contact => contact
1561020290 | contact => contact
1561020290 | contact => contact
1561020290 | contact => contact
1561020290 | contact => contact
1561020290 | contact => contact
1561020290 | contact => contact
1561020290 | contact => contact
1561020290 | contact => contact
1561020290 | contact => contact
1561020290 | contact => contact
1561020290 | contact => contact
1561020290 | contact => contact
1561020290 | contact => contact
1561020290 | contact => contact
1561020290 | contact => contact
1561020290 | contact => contact
1561020290 | contact => contact
1561020290 | contact => contact
1561020290 | contact => contact
1561020290 | contact => contact
1561020291 | contact => contact
1561020291 | contact => contact
1561020291 | contact => contact
1561020291 | contact => contact
1561020291 | contact => contact
1561020291 | contact => contact
1561020296 | contact => contact
1561020296 | contact => contact
1561020296 | contact => contact
1561020296 | contact => contact
1561020296 | contact => contact
1561020296 | contact => contact
1561020296 | contact => contact
1561020296 | contact => contact
1561020296 | contact => contact
1561020296 | contact => contact
1561020296 | contact => contact
1561020296 | contact => contact
1561020296 | contact => contact
1561020296 | contact => contact
1561020296 | contact => contact
1561020296 | contact => contact
1561020296 | contact => contact
1561020296 | contact => contact
1561020296 | contact => contact
1561020296 | contact => contact
1561020300 | contact => tools
1561020300 | contact => tools
1561020300 | contact => tools
1561020300 | contact => tools
1561020300 | contact => tools
1561020300 | contact => tools
1561020300 | contact => tools
1561020300 | contact => tools
1561020300 | contact => tools
1561020300 | contact => tools
1561020300 | contact => tools
1561020300 | contact => tools
1561020300 | contact => tools
1561020300 | contact => tools
1561020300 | contact => tools
1561020300 | contact => tools
1561020300 | contact => tools
1561020300 | contact => tools
1561020300 | contact => tools
1561020300 | contact => tools
1561020300 | contact => tools
1561020300 | contact => tools
1561020300 | contact => tools
1561020300 | contact => tools
1561020300 | contact => tools
1561020300 | contact => tools
1561020300 | contact => tools
1561020300 | contact => tools
1561020300 | contact => tools
1561020300 | contact => tools
1561020300 | contact => tools
1561020300 | contact => tools
1561020300 | contact => tools
1561020300 | contact => tools
1561020300 | contact => tools
1561020300 | contact => tools
1561020300 | contact => tools
1561020300 | contact => tools
1561020300 | contact => tools
1561020300 | contact => tools
1561020305 | contact => tools
1561020305 | contact => tools
1561020305 | contact => tools
1561020305 | contact => tools
1561020305 | contact => tools
1561020305 | contact => tools
1561020305 | contact => tools
1561020305 | contact => tools
1561020305 | contact => tools
1561020305 | contact => tools
1561020305 | contact => tools
1561020305 | contact => tools
1561020305 | contact => tools
1561020305 | contact => tools
1561020305 | contact => tools
1561020305 | contact => tools
1561020305 | contact => tools
1561020305 | contact => tools
1561020305 | contact => tools
1561020305 | contact => tools
1561020335 | contact => tools
1561020336 | contact => tools
1561020336 | contact => tools
1561020336 | contact => tools
1561020336 | contact => tools
1561020336 | contact => tools
1561020336 | contact => tools
1561020336 | contact => tools
1561020336 | contact => tools
1561020336 | contact => tools
1561020336 | contact => tools
1561020336 | contact => tools
1561020336 | contact => tools
1561020336 | contact => tools
1561020336 | contact => tools
1561020336 | contact => tools
1561020336 | contact => tools
1561020336 | contact => tools
1561020336 | contact => tools
1561020336 | contact => tools
1561020398 | contact => tools
1561020398 | index => tools
1561020402 | contact => 
1561020402 | index => 
1561020408 | contact => 
1561020408 | index => 
1561020410 | calc => 
1561020412 | table => calc
1561020427 | contact => calc
1561020427 | index => calc
1561020432 | contact => 
1561020432 | index => 
1561020499 | index => 
1561020502 | contact => 
1561020502 | contact => 
1561020502 | contact => 
1561020502 | contact => 
1561020502 | contact => 
1561020502 | contact => 
1561020502 | contact => 
1561020502 | contact => 
1561020502 | contact => 
1561020502 | contact => 
1561020502 | contact => 
1561020502 | contact => 
1561020502 | contact => 
1561020502 | contact => 
1561020502 | contact => 
1561020502 | contact => 
1561020502 | contact => 
1561020502 | contact => 
1561020502 | contact => 
1561020502 | contact => 
1561020502 | contact => 
1561020502 | contact => 
1561020502 | contact => 
1561020502 | contact => 
1561020502 | contact => 
1561020502 | contact => 
1561020502 | contact => 
1561020502 | contact => 
1561020502 | contact => 
1561020502 | contact => 
1561020502 | contact => 
1561020502 | contact => 
1561020502 | contact => 
1561020502 | contact => 
1561020502 | contact => 
1561020502 | contact => 
1561020502 | contact => 
1561020502 | contact => 
1561020502 | contact => 
1561020502 | contact => 
1561020507 | contact => 
1561020507 | contact => 
1561020507 | contact => 
1561020507 | contact => 
1561020507 | contact => 
1561020507 | contact => 
1561020507 | contact => 
1561020507 | contact => 
1561020507 | contact => 
1561020507 | contact => 
1561020507 | contact => 
1561020507 | contact => 
1561020507 | contact => 
1561020507 | contact => 
1561020507 | contact => 
1561020507 | contact => 
1561020507 | contact => 
1561020507 | contact => 
1561020507 | contact => 
1561020507 | contact => 
1561020592 | index => 
1561020596 | contact => 
1561020634 | contact => contact
1561020634 | contact => contact
1561020634 | contact => contact
1561020634 | contact => contact
1561020634 | contact => contact
1561020634 | contact => contact
1561020634 | contact => contact
1561020634 | contact => contact
1561020634 | contact => contact
1561020634 | contact => contact
1561020634 | contact => contact
1561020634 | contact => contact
1561020634 | contact => contact
1561020634 | contact => contact
1561020634 | contact => contact
1561020634 | contact => contact
1561020634 | contact => contact
1561020634 | contact => contact
1561020634 | contact => contact
1561020634 | contact => contact
1561020634 | contact => contact
1561020634 | contact => contact
1561020635 | contact => contact
1561020635 | contact => contact
1561020635 | contact => contact
1561020635 | contact => contact
1561020635 | contact => contact
1561020635 | contact => contact
1561020635 | contact => contact
1561020635 | contact => contact
1561020635 | contact => contact
1561020635 | contact => contact
1561020635 | contact => contact
1561020635 | contact => contact
1561020635 | contact => contact
1561020635 | contact => contact
1561020635 | contact => contact
1561020635 | contact => contact
1561020635 | contact => contact
1561020635 | contact => contact
1561020640 | contact => contact
1561020640 | contact => contact
1561020640 | contact => contact
1561020640 | contact => contact
1561020640 | contact => contact
1561020640 | contact => contact
1561020640 | contact => contact
1561020640 | contact => contact
1561020640 | contact => contact
1561020640 | contact => contact
1561020640 | contact => contact
1561020640 | contact => contact
1561020640 | contact => contact
1561020640 | contact => contact
1561020640 | contact => contact
1561020640 | contact => contact
1561020640 | contact => contact
1561020640 | contact => contact
1561020640 | contact => contact
1561020640 | contact => contact
1561020661 | contact => contact
1561020661 | index => contact
1561020666 | table => 
1561020670 | contact => 
1561020671 | index => 
1561020680 | contact => 
1561020680 | index => 
1561020748 | index => 
1561020751 | contact => 
1561021229 | contact => 
1561021314 | contact => contact
1561021323 | contact => contact
1561021347 | contact => contact
1561021353 | contact => contact
1561021397 | contact => contact
1561022060 | contact => contact
1561022067 | contact => contact
1561022147 | contact => contact
1561022152 | contact => contact
1561022198 | contact => contact
1561022203 | contact => contact
1561022325 | contact => contact
1561022331 | contact => contact
1561022379 | contact => contact
1561022521 | contact => contact
1561022592 | contact => contact
1561022598 | contact => contact
1561022601 | contact => contact
1561022845 | contact => contact
1561022890 | contact => contact
1561023379 | contact => contact
1561024089 | contact => contact
1561024125 | contact => contact
1561024209 | contact => contact
1561024268 | contact => contact
1561024711 | contact => contact
1561024748 | contact => contact
1561024894 | contact => contact
1561024929 | contact => contact
1561024984 | contact => contact
1561025015 | contact => contact
1561025139 | contact => contact
1561025159 | contact => contact
1561025194 | contact => contact
1561025208 | contact => contact
1561025277 | contact => contact
1561025292 | contact => contact
1561025299 | contact => contact
1561025316 | contact => contact
1561025515 | contact => contact
1561025545 | contact => contact
1561025669 | contact => contact
1561025713 | contact => contact
1561025735 | contact => contact
1561025783 | contact => contact
1561029567 | contact => contact
1561029727 | contact => contact
1561029816 | contact => contact
1561029831 | fileupload => contact
1561029884 | fileupload => contact
1561029910 | fileupload => contact
1561030018 | fileupload => fileupload
1561030028 | calc => fileupload
1561030123 | calc => fileupload
1561030134 | calc => calc
1561030148 | calc => calc
1561030323 | calc => calc
1561030491 | calc => calc
1561030491 | calc => calc
1561030589 | calc => calc
1561030827 | calc => calc
1561030834 | calc => calc
1561030849 | calc => calc
1561030971 | calc => calc
1561030983 | calc => calc
1561031318 | calc => calc
1561031327 | calc/470 => calc
1561031347 | calc => 
1561031395 | calc/576 => calc
1561031448 | calc/576 => calc
1561031467 | calc/576 => calc
1561031987 | calc/576 => calc
1561032051 | calc/576 => calc
1561032146 | calc/576 => calc
1561032152 | calc => 
1561032163 | contact => calc
1561032167 | calc => contact
1561032176 | calc => calc
1561032259 | calc/576 => 
1561032292 | 1 => 
1561032299 | calc => 1
1561032414 | calc => 1
1561032416 | calc => calc
1561032428 | calc => calc
1561032433 | calc => calc
1561032442 | calc => calc
1561032445 | calc => calc
1561032451 | calc => calc
1561032455 | calc => calc
1561032511 | calc => calc
1561032529 | calc => calc
1561032556 | calc => calc
1561032563 | calc/390 => calc
1561032574 | calc => 
1561032798 | calc => 390
1561032855 | calc/200 => index.php?id
1561032916 | calc/200 => calc
1561032938 | calc => 
1561032951 | calc/468 => calc
1561033009 | calc => 
1561033024 | calc/777 => calc
1561033088 | contact => 
1561033102 | contact => 
1561033109 | table => contact
1561033120 | calc => contact
1561033122 | contact => calc
1561033240 | contact => contact
1561033693 | contact => contact
1561033702 | contact => contact
1561104861 | index => 
